#
# A fatal error has been detected by the Java Runtime Environment:
#
#  EXCEPTION_ACCESS_VIOLATION (0xc0000005) at pc=0x000000002909c750, pid=23804, tid=2392
#
# JRE version: 6.0_17-b04
# Java VM: Java HotSpot(TM) 64-Bit Server VM (14.3-b01 mixed mode windows-amd64 )
# Problematic frame:
# C  0x000000002909c750
#
# If you would like to submit a bug report, please visit:
#   http://java.sun.com/webapps/bugreport/crash.jsp
# The crash happened outside the Java Virtual Machine in native code.
# See problematic frame for where to report the bug.
#

---------------  T H R E A D  ---------------

Current thread (0x000000004e9a1800):  JavaThread "AWT-EventQueue-0" [_thread_in_native, id=2392, stack(0x00000000b3ff0000,0x00000000b7ff0000)]

siginfo: ExceptionCode=0xc0000005, reading address 0x0000000000000008

Registers:
EAX=0x000000000000000d, EBX=0x000000004e9a19b8, ECX=0x0000000000000000, EDX=0xffffffffce011050
ESP=0x00000000b7fee338, EBP=0x000000007219ece0, ESI=0x000000004e9a19b8, EDI=0x000000004fdd64e0
EIP=0x000000002909c750, EFLAGS=0x0000000000010206

Top of Stack: (sp=0x00000000b7fee338)
0x00000000b7fee338:   000000002904589c 000000004e9a19b8
0x00000000b7fee348:   000000004e9a19b8 000000000049414e
0x00000000b7fee358:   000000000049414e 0000000036cb5ac2
0x00000000b7fee368:   000000004e9a19b8 000000003c031838
0x00000000b7fee378:   0000000029023810 000000004e9a19b8
0x00000000b7fee388:   00000000b7feea58 00000000b7feead0
0x00000000b7fee398:   000000007219ece0 0000000000000000
0x00000000b7fee3a8:   0000000029042151 0000000000000000
0x00000000b7fee3b8:   00000000b7feeac8 00000000000003e9
0x00000000b7fee3c8:   00000000b7feead0 00000000ffffffff
0x00000000b7fee3d8:   0000000041ef46e0 00000000b7fee440
0x00000000b7fee3e8:   0000000036cb5ac2 0000000044497e98
0x00000000b7fee3f8:   000000004b836a78 00000000b7fee400
0x00000000b7fee408:   000000003a0ad498 00000000b7fee4d0
0x00000000b7fee418:   000000003a0f9540 000000003e2ffd88
0x00000000b7fee428:   000000003a0ad4e8 00000000b7fee4b0 

Instructions: (pc=0x000000002909c750)
0x000000002909c740:   48 8b 41 08 48 8b 80 18 0c 00 00 c3 cc cc cc cc
0x000000002909c750:   48 8b 49 08 48 85 c9 74 05 e9 72 f6 fd ff 33 c0 


Stack: [0x00000000b3ff0000,0x00000000b7ff0000],  sp=0x00000000b7fee338,  free space=65528k
Native frames: (J=compiled Java code, j=interpreted, Vv=VM code, C=native code)
C  0x000000002909c750

Java frames: (J=compiled Java code, j=interpreted, Vv=VM code)
j  sun.java2d.windows.GDIBlitLoops.nativeBlit(Lsun/java2d/SurfaceData;Lsun/java2d/SurfaceData;Lsun/java2d/pipe/Region;IIIIIIIIIZ)V+0
j  sun.java2d.windows.GDIBlitLoops.Blit(Lsun/java2d/SurfaceData;Lsun/java2d/SurfaceData;Ljava/awt/Composite;Lsun/java2d/pipe/Region;IIIIII)V+33
j  sun.java2d.pipe.DrawImage.blitSurfaceData(Lsun/java2d/SunGraphics2D;Lsun/java2d/pipe/Region;Lsun/java2d/SurfaceData;Lsun/java2d/SurfaceData;Lsun/java2d/loops/SurfaceType;Lsun/java2d/loops/SurfaceType;IIIIIILjava/awt/Color;)V+97
j  sun.java2d.pipe.DrawImage.renderImageCopy(Lsun/java2d/SunGraphics2D;Ljava/awt/Image;Ljava/awt/Color;IIIIII)Z+75
j  sun.java2d.pipe.DrawImage.copyImage(Lsun/java2d/SunGraphics2D;Ljava/awt/Image;IILjava/awt/Color;)Z+45
j  sun.java2d.pipe.DrawImage.copyImage(Lsun/java2d/SunGraphics2D;Ljava/awt/Image;IILjava/awt/Color;Ljava/awt/image/ImageObserver;)Z+15
j  sun.java2d.pipe.ValidatePipe.copyImage(Lsun/java2d/SunGraphics2D;Ljava/awt/Image;IILjava/awt/Color;Ljava/awt/image/ImageObserver;)Z+21
j  sun.java2d.SunGraphics2D.drawImage(Ljava/awt/Image;IILjava/awt/Color;Ljava/awt/image/ImageObserver;)Z+18
j  sun.java2d.SunGraphics2D.drawImage(Ljava/awt/Image;IILjava/awt/image/ImageObserver;)Z+7
j  javax.swing.RepaintManager$PaintManager.paintDoubleBuffered(Ljavax/swing/JComponent;Ljava/awt/Image;Ljava/awt/Graphics;IIII)V+127
j  javax.swing.RepaintManager$PaintManager.paint(Ljavax/swing/JComponent;Ljavax/swing/JComponent;Ljava/awt/Graphics;IIII)Z+116
j  javax.swing.RepaintManager.paint(Ljavax/swing/JComponent;Ljavax/swing/JComponent;Ljava/awt/Graphics;IIII)V+52
j  javax.swing.JComponent.paint(Ljava/awt/Graphics;)V+225
j  java.awt.GraphicsCallback$PaintCallback.run(Ljava/awt/Component;Ljava/awt/Graphics;)V+2
j  sun.awt.SunGraphicsCallback.runOneComponent(Ljava/awt/Component;Ljava/awt/Rectangle;Ljava/awt/Graphics;Ljava/awt/Shape;I)V+155
j  sun.awt.SunGraphicsCallback.runComponents([Ljava/awt/Component;Ljava/awt/Graphics;I)V+104
j  java.awt.Container.paint(Ljava/awt/Graphics;)V+73
j  javax.swing.RepaintManager.paintDirtyRegions(Ljava/util/Map;)V+256
j  javax.swing.RepaintManager.paintDirtyRegions()V+46
j  javax.swing.RepaintManager.seqPaintDirtyRegions()V+73
j  javax.swing.SystemEventQueueUtilities$ComponentWorkRequest.run()V+36
J  java.awt.EventDispatchThread.pumpOneEventForFilters(I)Z
j  java.awt.EventDispatchThread.pumpEventsForFilter(ILjava/awt/Conditional;Ljava/awt/EventFilter;)V+30
j  java.awt.EventDispatchThread.pumpEventsForHierarchy(ILjava/awt/Conditional;Ljava/awt/Component;)V+11
j  java.awt.EventDispatchThread.pumpEvents(ILjava/awt/Conditional;)V+4
j  java.awt.EventDispatchThread.pumpEvents(Ljava/awt/Conditional;)V+3
j  java.awt.EventDispatchThread.run()V+9
v  ~StubRoutines::call_stub

---------------  P R O C E S S  ---------------

Java Threads: ( => current thread )
  0x000000004f8df800 JavaThread "Swing-Shell" daemon [_thread_blocked, id=14468, stack(0x0000000a34330000,0x0000000a38330000)]
  0x000000004f8d5800 JavaThread "Timer-2" daemon [_thread_blocked, id=21628, stack(0x00000001e0330000,0x00000001e4330000)]
  0x000000004f8db000 JavaThread "com.jniwrapper.NativeResourceCollector" daemon [_thread_blocked, id=2640, stack(0x00000001d8330000,0x00000001dc330000)]
  0x000000004f8d9800 JavaThread "Code Analyzer updating thread" [_thread_blocked, id=14624, stack(0x0000000135f90000,0x0000000139f90000)]
  0x000000004f8d6000 JavaThread "Code Analyzer updating thread" [_thread_blocked, id=14632, stack(0x000000012df90000,0x0000000131f90000)]
  0x000000004f8d8000 JavaThread "Code Analyzer updating thread" [_thread_blocked, id=9192, stack(0x0000000125f90000,0x0000000129f90000)]
  0x000000004f8d6800 JavaThread "Code Analyzer updating thread" [_thread_blocked, id=14680, stack(0x000000011df90000,0x0000000121f90000)]
  0x000000004f8d7800 JavaThread "Code Analyzer updating thread" [_thread_blocked, id=24788, stack(0x0000000115f90000,0x0000000119f90000)]
  0x000000004f8d4000 JavaThread "Code Analyzer updating thread" [_thread_blocked, id=8780, stack(0x000000010df90000,0x0000000111f90000)]
  0x000000004f8d9000 JavaThread "Code Analyzer updating thread" [_thread_blocked, id=16104, stack(0x0000000105f90000,0x0000000109f90000)]
  0x000000004f8da800 JavaThread "Active Reference Queue Daemon" daemon [_thread_blocked, id=16936, stack(0x00000000fdf90000,0x0000000101f90000)]
  0x000000004eeaf000 JavaThread "Timer-1" daemon [_thread_blocked, id=22196, stack(0x00000000e5f90000,0x00000000e9f90000)]
  0x000000004eeac800 JavaThread "ClipboardMonitor Timer" daemon [_thread_blocked, id=6376, stack(0x00000000f1f90000,0x00000000f5f90000)]
  0x000000004eead800 JavaThread "Explorer NavigationContext request queue" daemon [_thread_blocked, id=15708, stack(0x00000000e1f90000,0x00000000e5f90000)]
  0x000000004eea7800 JavaThread "AddressBar directory emptiness poller" daemon [_thread_blocked, id=6396, stack(0x00000000edf90000,0x00000000f1f90000)]
  0x000000004eea9000 JavaThread "Explorer Refresh Service 1103780712" daemon [_thread_blocked, id=11484, stack(0x00000000e9f90000,0x00000000edf90000)]
  0x000000004eea8800 JavaThread "Thread-4" daemon [_thread_blocked, id=19008, stack(0x00000000dcfc0000,0x00000000e0fc0000)]
  0x000000004eeab000 JavaThread "TimerQueue" daemon [_thread_blocked, id=6788, stack(0x00000000d7ff0000,0x00000000dbff0000)]
  0x000000004eeae000 JavaThread "Thread-3" daemon [_thread_blocked, id=21004, stack(0x00000000c7ff0000,0x00000000cbff0000)]
  0x000000004eeaa000 JavaThread "FelixPackageAdmin" daemon [_thread_blocked, id=19700, stack(0x00000000c3ff0000,0x00000000c7ff0000)]
  0x000000004ecd2800 JavaThread "FelixStartLevel" daemon [_thread_blocked, id=10840, stack(0x00000000bfff0000,0x00000000c3ff0000)]
  0x000000004ebf8000 JavaThread "FelixDispatchQueue" daemon [_thread_blocked, id=6424, stack(0x00000000bbff0000,0x00000000bfff0000)]
=>0x000000004e9a1800 JavaThread "AWT-EventQueue-0" [_thread_in_native, id=2392, stack(0x00000000b3ff0000,0x00000000b7ff0000)]
  0x000000004e8fa000 JavaThread "com.google.common.base.internal.Finalizer" daemon [_thread_blocked, id=15780, stack(0x00000000afff0000,0x00000000b3ff0000)]
  0x000000004e843000 JavaThread "AWT-Windows" daemon [_thread_in_native, id=7948, stack(0x00000000a7ff0000,0x00000000abff0000)]
  0x000000004e98a800 JavaThread "AWT-Shutdown" [_thread_blocked, id=952, stack(0x00000000a3ff0000,0x00000000a7ff0000)]
  0x000000004e989800 JavaThread "Java2D Disposer" daemon [_thread_blocked, id=9056, stack(0x000000009fff0000,0x00000000a3ff0000)]
  0x000000004e434800 JavaThread "Timer-0" [_thread_blocked, id=16884, stack(0x000000009bff0000,0x000000009fff0000)]
  0x0000000029d35800 JavaThread "EventMgr Dispatcher" daemon [_thread_in_native, id=5516, stack(0x0000000097ff0000,0x000000009bff0000)]
  0x0000000028ebd000 JavaThread "Low Memory Detector" daemon [_thread_blocked, id=736, stack(0x000000008fff0000,0x0000000093ff0000)]
  0x0000000028eb6800 JavaThread "CompilerThread1" daemon [_thread_blocked, id=8396, stack(0x000000008bff0000,0x000000008fff0000)]
  0x0000000028eb4000 JavaThread "CompilerThread0" daemon [_thread_blocked, id=24964, stack(0x0000000087ff0000,0x000000008bff0000)]
  0x0000000028eb3000 JavaThread "Attach Listener" daemon [_thread_blocked, id=25212, stack(0x0000000083ff0000,0x0000000087ff0000)]
  0x0000000028e85000 JavaThread "Finalizer" daemon [_thread_blocked, id=20376, stack(0x000000007fff0000,0x0000000083ff0000)]
  0x0000000028e84000 JavaThread "Reference Handler" daemon [_thread_blocked, id=21224, stack(0x000000007bc70000,0x000000007fc70000)]
  0x0000000028a61800 JavaThread "main" [_thread_in_native, id=14784, stack(0x0000000000400000,0x0000000004400000)]

Other Threads:
  0x0000000028b40800 VMThread [stack: 0x000000006d370000,0x0000000071370000] [id=11904]
  0x0000000028edb800 WatcherThread [stack: 0x0000000093ff0000,0x0000000097ff0000] [id=23364]

VM state:not at safepoint (normal execution)

VM Mutex/Monitor currently owned by a thread: None

Heap
 PSYoungGen      total 20800K, used 17006K [0x000000004afb0000, 0x000000004cff0000, 0x000000004e0b0000)
  eden space 12224K, 72% used [0x000000004afb0000,0x000000004b84bcd0,0x000000004bba0000)
  from space 8576K, 95% used [0x000000004bba0000,0x000000004c39fe70,0x000000004c400000)
  to   space 10368K, 0% used [0x000000004c5d0000,0x000000004c5d0000,0x000000004cff0000)
 PSOldGen        total 127552K, used 88564K [0x0000000041cb0000, 0x0000000049940000, 0x000000004afb0000)
  object space 127552K, 69% used [0x0000000041cb0000,0x000000004732d340,0x0000000049940000)
 PSPermGen       total 128832K, used 72200K [0x0000000039cb0000, 0x0000000041a80000, 0x0000000041cb0000)
  object space 128832K, 56% used [0x0000000039cb0000,0x000000003e3320b8,0x0000000041a80000)

Dynamic libraries:
0x0000000140000000 - 0x0000000140028000 	C:\Program Files\MATLAB\R2013a\bin\win64\MATLAB.exe
0x00007ff8bef10000 - 0x00007ff8bf0e1000 	C:\WINDOWS\SYSTEM32\ntdll.dll
0x00007ff8be3b0000 - 0x00007ff8be45b000 	C:\WINDOWS\System32\KERNEL32.DLL
0x00007ff8bbda0000 - 0x00007ff8bbfbd000 	C:\WINDOWS\System32\KERNELBASE.dll
0x0000000073f70000 - 0x0000000074112000 	C:\Program Files\MATLAB\R2013a\bin\win64\libmwfl.dll
0x0000000180000000 - 0x000000018032f000 	C:\Program Files\MATLAB\R2013a\bin\win64\libmwservices.dll
0x0000000074460000 - 0x0000000074515000 	C:\Program Files\MATLAB\R2013a\bin\win64\libut.dll
0x0000000074970000 - 0x0000000074a18000 	C:\Program Files\MATLAB\R2013a\bin\win64\mcr.dll
0x00007ff8bc8b0000 - 0x00007ff8bc8b8000 	C:\WINDOWS\System32\PSAPI.DLL
0x00007ff8bed00000 - 0x00007ff8beda2000 	C:\WINDOWS\System32\ADVAPI32.dll
0x00007ff8bcc90000 - 0x00007ff8bcd2e000 	C:\WINDOWS\System32\msvcrt.dll
0x00007ff8bc620000 - 0x00007ff8bc679000 	C:\WINDOWS\System32\sechost.dll
0x00007ff8bcd30000 - 0x00007ff8bce51000 	C:\WINDOWS\System32\RPCRT4.dll
0x00007ff8be760000 - 0x00007ff8be8c5000 	C:\WINDOWS\System32\USER32.dll
0x00007ff8bc600000 - 0x00007ff8bc61c000 	C:\WINDOWS\System32\imagehlp.dll
0x00007ff8bbc30000 - 0x00007ff8bbc4e000 	C:\WINDOWS\System32\win32u.dll
0x00007ff8bb450000 - 0x00007ff8bb545000 	C:\WINDOWS\System32\ucrtbase.dll
0x00007ff8be370000 - 0x00007ff8be3a4000 	C:\WINDOWS\System32\GDI32.dll
0x00007ff8bb3a0000 - 0x00007ff8bb3ec000 	C:\WINDOWS\System32\POWRPROF.dll
0x00007ff8bbfc0000 - 0x00007ff8bc142000 	C:\WINDOWS\System32\gdi32full.dll
0x00007ff8bce60000 - 0x00007ff8be368000 	C:\WINDOWS\System32\SHELL32.dll
0x00000000104d0000 - 0x0000000010626000 	C:\Program Files\MATLAB\R2013a\bin\win64\mvm.dll
0x00007ff8bb400000 - 0x00007ff8bb442000 	C:\WINDOWS\System32\cfgmgr32.dll
0x00007ff8bc8c0000 - 0x00007ff8bc9ba000 	C:\WINDOWS\System32\COMDLG32.dll
0x00007ff8bb550000 - 0x00007ff8bbc2a000 	C:\WINDOWS\System32\windows.storage.dll
0x00007ff8bc9c0000 - 0x00007ff8bcc88000 	C:\WINDOWS\System32\combase.dll
0x00000000518d0000 - 0x0000000051968000 	C:\Program Files\MATLAB\R2013a\bin\win64\MSVCP100.dll
0x00007ff8bee20000 - 0x00007ff8bee72000 	C:\WINDOWS\System32\shlwapi.dll
0x00007ff8bc1b0000 - 0x00007ff8bc21a000 	C:\WINDOWS\System32\bcryptPrimitives.dll
0x00007ff8bc3f0000 - 0x00007ff8bc499000 	C:\WINDOWS\System32\shcore.dll
0x00007ff8bb390000 - 0x00007ff8bb39f000 	C:\WINDOWS\System32\kernel.appcore.dll
0x00007ff8beea0000 - 0x00007ff8bef0a000 	C:\WINDOWS\System32\WS2_32.dll
0x00007ff8bb370000 - 0x00007ff8bb384000 	C:\WINDOWS\System32\profapi.dll
0x00007ff8be500000 - 0x00007ff8be637000 	C:\WINDOWS\System32\ole32.dll
0x00007ff8be640000 - 0x00007ff8be6ff000 	C:\WINDOWS\System32\OLEAUT32.dll
0x00007ff8bbd00000 - 0x00007ff8bbd9c000 	C:\WINDOWS\System32\msvcp_win.dll
0x00000000517f0000 - 0x00000000518c2000 	C:\Program Files\MATLAB\R2013a\bin\win64\MSVCR100.dll
0x00000000758a0000 - 0x000000007595f000 	C:\Program Files\MATLAB\R2013a\bin\win64\libmwi18n.dll
0x0000000010630000 - 0x0000000010651000 	C:\Program Files\MATLAB\R2013a\bin\win64\libmwmfl_scalar.dll
0x0000000054b10000 - 0x0000000054b19000 	C:\Program Files\MATLAB\R2013a\bin\win64\boost_system-vc100-mt-1_49.dll
0x0000000054af0000 - 0x0000000054b01000 	C:\Program Files\MATLAB\R2013a\bin\win64\boost_thread-vc100-mt-1_49.dll
0x00007ff8b1eb0000 - 0x00007ff8b1f3c000 	C:\Program Files\MATLAB\R2013a\bin\win64\boost_log-vc100-mt-1_49.dll
0x00000000516b0000 - 0x00000000517ee000 	C:\Program Files\MATLAB\R2013a\bin\win64\icuuc49.dll
0x0000000054ae0000 - 0x0000000054af0000 	C:\Program Files\MATLAB\R2013a\bin\win64\icuio49.dll
0x00007ff8b6b60000 - 0x00007ff8b6b93000 	C:\Program Files\MATLAB\R2013a\bin\win64\tbb.dll
0x00000000000d0000 - 0x00000000000dd000 	C:\Program Files\MATLAB\R2013a\bin\win64\libmwresource_core.dll
0x000000007a350000 - 0x000000007a737000 	C:\Program Files\MATLAB\R2013a\bin\win64\libmwMATLAB_res.dll
0x00007ff8a8b40000 - 0x00007ff8a8cd2000 	C:\WINDOWS\SYSTEM32\dbghelp.dll
0x0000000053ea0000 - 0x0000000053eae000 	C:\Program Files\MATLAB\R2013a\bin\win64\boost_date_time-vc100-mt-1_49.dll
0x0000000051680000 - 0x00000000516ac000 	C:\Program Files\MATLAB\R2013a\bin\win64\boost_filesystem-vc100-mt-1_49.dll
0x00000000515a0000 - 0x000000005167f000 	C:\Program Files\MATLAB\R2013a\bin\win64\boost_regex-vc100-mt-1_49.dll
0x0000000051580000 - 0x0000000051591000 	C:\Program Files\MATLAB\R2013a\bin\win64\boost_signals-vc100-mt-1_49.dll
0x0000000075000000 - 0x00000000753b1000 	C:\Program Files\MATLAB\R2013a\bin\win64\iqm.dll
0x0000000079fb0000 - 0x0000000079fdf000 	C:\Program Files\MATLAB\R2013a\bin\win64\libmwbridge.dll
0x0000000075a20000 - 0x0000000075b0b000 	C:\Program Files\MATLAB\R2013a\bin\win64\libmx.dll
0x0000000010660000 - 0x0000000010684000 	C:\Program Files\MATLAB\R2013a\bin\win64\libmex.dll
0x0000000075f10000 - 0x0000000075f57000 	C:\Program Files\MATLAB\R2013a\bin\win64\mpath.dll
0x0000000010690000 - 0x00000000106de000 	C:\Program Files\MATLAB\R2013a\bin\win64\libmwregexp.dll
0x000000007b680000 - 0x000000007bc66000 	C:\Program Files\MATLAB\R2013a\bin\win64\mlutil.dll
0x0000000074e80000 - 0x0000000074f30000 	C:\Program Files\MATLAB\R2013a\bin\win64\m_dispatcher.dll
0x000000007b0a0000 - 0x000000007b2f6000 	C:\Program Files\MATLAB\R2013a\bin\win64\mcos.dll
0x0000000073cc0000 - 0x0000000073e0e000 	C:\Program Files\MATLAB\R2013a\bin\win64\libmwgui.dll
0x00000000106e0000 - 0x0000000011023000 	C:\Program Files\MATLAB\R2013a\bin\win64\hg.dll
0x0000000011030000 - 0x000000001111b000 	C:\Program Files\MATLAB\R2013a\bin\win64\hgutils.dll
0x0000000011120000 - 0x0000000011928000 	C:\Program Files\MATLAB\R2013a\bin\win64\m_interpreter.dll
0x0000000075710000 - 0x00000000757d8000 	C:\Program Files\MATLAB\R2013a\bin\win64\jmi.dll
0x0000000011930000 - 0x00000000119de000 	C:\Program Files\MATLAB\R2013a\bin\win64\udd_mi.dll
0x00000000119e0000 - 0x0000000011cae000 	C:\Program Files\MATLAB\R2013a\bin\win64\uiw.dll
0x000000007a1f0000 - 0x000000007a20d000 	C:\Program Files\MATLAB\R2013a\bin\win64\mwoles05.DLL
0x0000000011cb0000 - 0x0000000011d1c000 	C:\Program Files\MATLAB\R2013a\bin\win64\comcli.dll
0x00000000001e0000 - 0x00000000001ec000 	C:\Program Files\MATLAB\R2013a\bin\win64\mlautoregister.dll
0x00007ff8b96d0000 - 0x00007ff8b96e0000 	C:\Program Files\MATLAB\R2013a\bin\win64\boost_iostreams-vc100-mt-1_49.dll
0x0000000011d20000 - 0x0000000011d42000 	C:\Program Files\MATLAB\R2013a\bin\win64\libmwMATLAB_settings_res.dll
0x00000000001f0000 - 0x00000000001f6000 	C:\Program Files\MATLAB\R2013a\bin\win64\libmwnativedisplay.dll
0x00007ff8b2030000 - 0x00007ff8b2076000 	C:\Program Files\MATLAB\R2013a\bin\win64\boost_serialization-vc100-mt-1_49.dll
0x00007ff8b3d90000 - 0x00007ff8b3e3c000 	C:\WINDOWS\WinSxS\amd64_microsoft.windows.common-controls_6595b64144ccf1df_5.82.14393.447_none_0d5aa7fbb6d35646\COMCTL32.dll
0x00007ff8b09f0000 - 0x00007ff8b0a08000 	C:\WINDOWS\SYSTEM32\NETAPI32.dll
0x0000000051330000 - 0x0000000051571000 	C:\Program Files\MATLAB\R2013a\bin\win64\xerces-c_2_7.dll
0x0000000051300000 - 0x0000000051325000 	C:\Program Files\MATLAB\R2013a\bin\win64\LIBEXPAT.dll
0x0000000051170000 - 0x00000000512fa000 	C:\Program Files\MATLAB\R2013a\bin\win64\icuin49.dll
0x0000000011d80000 - 0x0000000012ea2000 	C:\Program Files\MATLAB\R2013a\bin\win64\icudt49.dll
0x00007ff8b8410000 - 0x00007ff8b8438000 	C:\Program Files\MATLAB\R2013a\bin\win64\tbbmalloc.dll
0x0000000051150000 - 0x0000000051167000 	C:\Program Files\MATLAB\R2013a\bin\win64\zlib1.dll
0x0000000074f40000 - 0x0000000074ff6000 	C:\Program Files\MATLAB\R2013a\bin\win64\udd.dll
0x00000000754d0000 - 0x0000000075547000 	C:\Program Files\MATLAB\R2013a\bin\win64\xmlcore.dll
0x0000000012eb0000 - 0x0000000012ed4000 	C:\Program Files\MATLAB\R2013a\bin\win64\graphics_util.dll
0x0000000012ee0000 - 0x0000000012eee000 	C:\Program Files\MATLAB\R2013a\bin\win64\nativejava_services.dll
0x0000000072f50000 - 0x000000007318f000 	C:\Program Files\MATLAB\R2013a\bin\win64\hgdatatypes.dll
0x00000000761c0000 - 0x0000000076200000 	C:\Program Files\MATLAB\R2013a\bin\win64\libmwhardcopy.dll
0x0000000012ef0000 - 0x0000000012ef9000 	C:\Program Files\MATLAB\R2013a\bin\win64\uinone.dll
0x0000000075c70000 - 0x0000000075cce000 	C:\Program Files\MATLAB\R2013a\bin\win64\libuij.dll
0x0000000012f00000 - 0x0000000012f26000 	C:\Program Files\MATLAB\R2013a\bin\win64\libmwnativefiledialogs.dll
0x00007ff8abbb0000 - 0x00007ff8abbcb000 	C:\WINDOWS\SYSTEM32\MPR.dll
0x0000000050bf0000 - 0x000000005114d000 	C:\Program Files\MATLAB\R2013a\bin\win64\mfc100.dll
0x00007ff8b71a0000 - 0x00007ff8b7226000 	C:\WINDOWS\SYSTEM32\WINSPOOL.DRV
0x0000000050bc0000 - 0x0000000050beb000 	C:\Program Files\MATLAB\R2013a\bin\win64\ATL100.DLL
0x0000000075430000 - 0x00000000754ab000 	C:\Program Files\MATLAB\R2013a\bin\win64\profiler.dll
0x0000000012f30000 - 0x00000000131b3000 	C:\Program Files\MATLAB\R2013a\bin\win64\libmwmathutil.dll
0x0000000079f40000 - 0x0000000079f66000 	C:\Program Files\MATLAB\R2013a\bin\win64\libmwmathrng.dll
0x000000007a1b0000 - 0x000000007a1d0000 	C:\Program Files\MATLAB\R2013a\bin\win64\m_pcodeio.dll
0x0000000079b10000 - 0x0000000079b6c000 	C:\Program Files\MATLAB\R2013a\bin\win64\m_ir.dll
0x0000000078ed0000 - 0x0000000079579000 	C:\Program Files\MATLAB\R2013a\bin\win64\m_parser.dll
0x000000007a130000 - 0x000000007a158000 	C:\Program Files\MATLAB\R2013a\bin\win64\m_pcodegen.dll
0x00000000131c0000 - 0x0000000013223000 	C:\Program Files\MATLAB\R2013a\bin\win64\libmwspmatrix.dll
0x0000000076100000 - 0x000000007615a000 	C:\Program Files\MATLAB\R2013a\bin\win64\libmat.dll
0x0000000075820000 - 0x000000007589e000 	C:\Program Files\MATLAB\R2013a\bin\win64\libmwlapack.dll
0x0000000013230000 - 0x0000000013266000 	C:\Program Files\MATLAB\R2013a\bin\win64\libmwgbtutils.dll
0x0000000013270000 - 0x0000000013284000 	C:\Program Files\MATLAB\R2013a\bin\win64\libmwgbt.dll
0x00007ff8ad9a0000 - 0x00007ff8ada58000 	C:\Program Files\MATLAB\R2013a\bin\win64\libtex_base.dll
0x0000000013290000 - 0x000000001329c000 	C:\Program Files\MATLAB\R2013a\bin\win64\libmwplatform_res.dll
0x00007ff8baf50000 - 0x00007ff8baf7b000 	C:\WINDOWS\SYSTEM32\bcrypt.dll
0x00007ff8b96f0000 - 0x00007ff8b96f7000 	C:\WINDOWS\SYSTEM32\MSIMG32.dll
0x00000000132a0000 - 0x00000000132b0000 	C:\Program Files\MATLAB\R2013a\bin\win64\libmwmfl_rng.dll
0x0000000074c10000 - 0x0000000074cf8000 	C:\Program Files\MATLAB\R2013a\bin\win64\libmwmathcore.dll
0x000000007a2f0000 - 0x000000007a307000 	C:\Program Files\MATLAB\R2013a\bin\win64\ir_xfmr.dll
0x00000000132b0000 - 0x00000000132c0000 	C:\Program Files\MATLAB\R2013a\bin\win64\mtok.dll
0x0000000072d30000 - 0x0000000072f38000 	C:\Program Files\MATLAB\R2013a\bin\win64\hdf5dll.dll
0x000000007a310000 - 0x000000007a325000 	C:\Program Files\MATLAB\R2013a\bin\win64\libmwbinder.dll
0x00000000132d0000 - 0x00000000132db000 	C:\Program Files\MATLAB\R2013a\bin\win64\libmwompwrapper.dll
0x0000000075ea0000 - 0x0000000075f02000 	C:\Program Files\MATLAB\R2013a\bin\win64\libmwcholmod.dll
0x00000000132f0000 - 0x00000000132fd000 	C:\Program Files\MATLAB\R2013a\bin\win64\libmwamd.dll
0x0000000013300000 - 0x000000001330c000 	C:\Program Files\MATLAB\R2013a\bin\win64\libmwcolamd.dll
0x000000007a290000 - 0x000000007a2a3000 	C:\Program Files\MATLAB\R2013a\bin\win64\libmwblas.dll
0x0000000055210000 - 0x00000000552b3000 	C:\WINDOWS\WinSxS\amd64_microsoft.vc90.crt_1fc8b3b9a1e18e3b_9.0.30729.9247_none_08e394a1a83e212f\MSVCR90.dll
0x00007ff8bc880000 - 0x00007ff8bc8ae000 	C:\WINDOWS\System32\IMM32.DLL
0x00007ff8b99f0000 - 0x00007ff8b9a85000 	C:\WINDOWS\SYSTEM32\UxTheme.dll
0x00007ff8b8dd0000 - 0x00007ff8b8df6000 	C:\WINDOWS\system32\dwmapi.dll
0x000000005d360000 - 0x000000005d36d000 	C:\Program Files\MATLAB\R2013a\bin\win64\MFC100ENU.DLL

VM Arguments:
jvm_args: -XX:PermSize=32m -Xms64m -XX:NewRatio=3 -XX:MaxPermSize=128m -Xmx196m -XX:MaxDirectMemorySize=2147400000 -Dsun.java2d.noddraw=true -Dsun.awt.nopixfmt=true -Xshare:off -Xrs -Dsun.awt.disableMixing=true -Djava.library.path=C:\Program Files\MATLAB\R2013a\bin\win64;C:\Program Files\MATLAB\R2013a\sys\jxbrowser\win64\lib vfprintf abort -XX:ParallelGCThreads=6 
java_command: <unknown>
Launcher Type: generic

Environment Variables:
PATH=C:\Program Files (x86)\Common Files\Intel\Shared Libraries\redist\intel64\compiler;C:\ProgramData\Oracle\Java\javapath;C:\Program Files (x86)\Intel\iCLS Client\;C:\Program Files\Intel\iCLS Client\;C:\Windows\system32;C:\Windows;C:\Windows\System32\Wbem;C:\Windows\System32\WindowsPowerShell\v1.0\;C:\Program Files (x86)\Intel\Intel(R) Management Engine Components\DAL;C:\Program Files\Intel\Intel(R) Management Engine Components\DAL;C:\Program Files (x86)\Intel\Intel(R) Management Engine Components\IPT;C:\Program Files\Intel\Intel(R) Management Engine Components\IPT;C:\Program Files\Common Files\Autodesk Shared\;C:\Users\z170\.dnx\bin;C:\Program Files\Microsoft DNX\Dnvm\;C:\Program Files (x86)\Windows Kits\8.1\Windows Performance Toolkit\;C:\Program Files\Microsoft SQL Server\120\Tools\Binn\;C:\Program Files (x86)\GtkSharp\2.12\bin;C:\Program Files\Microsoft SQL Server\120\DTS\Binn\;C:\Program Files\Microsoft SQL Server\Client SDK\ODBC\110\Tools\Binn\;C:\Program Files (x86)\Microsoft SQL Server\120\Tools\Binn\;C:\Program Files (x86)\Microsoft SQL Server\120\Tools\Binn\ManagementStudio\;C:\Program Files (x86)\Microsoft SQL Server\120\DTS\Binn\;C:\Program Files\MATLAB\R2013a\runtime\win64;C:\Program Files\MATLAB\R2013a\bin;C:\Program Files (x86)\QuickTime\QTSystem\;C:\Program Files\Microsoft SQL Server\110\Tools\Binn\;C:\WINDOWS\system32;C:\WINDOWS;C:\WINDOWS\System32\Wbem;C:\WINDOWS\System32\WindowsPowerShell\v1.0\;C:\Program Files (x86)\NVIDIA Corporation\PhysX\Common;C:\WINDOWS\system32;C:\WINDOWS;C:\WINDOWS\System32\Wbem;C:\WINDOWS\System32\WindowsPowerShell\v1.0\;C:\Program Files (x86)\Skype\Phone\;C:\Program Files\Git\cmd;C:\Users\z170\AppData\Local\Programs\Python\Python35-32\Scripts\;C:\Users\z170\AppData\Local\Programs\Python\Python35-32\;C:\Users\z170\.dnx\bin;C:\Users\z170\AppData\Local\atom\bin;USERPROFILE\AppData\Local\Microsoft\WindowsApps;
USERNAME=z170
OS=Windows_NT
PROCESSOR_IDENTIFIER=Intel64 Family 6 Model 94 Stepping 3, GenuineIntel



---------------  S Y S T E M  ---------------

OS: Windows NT 6.2 Build 9200 

CPU:total 8 (8 cores per cpu, 2 threads per core) family 6 model 94 stepping 3, cmov, cx8, fxsr, mmx, sse, sse2, sse3, ssse3, sse4.1, sse4.2, ht

Memory: 4k page, physical 16703476k(8206672k free), swap 20504564k(8028312k free)

vm_info: Java HotSpot(TM) 64-Bit Server VM (14.3-b01) for windows-amd64 JRE (1.6.0_17-b04), built on Oct 11 2009 00:46:08 by "java_re" with MS VC++ 8.0

time: Mon May 08 00:22:27 2017
elapsed time: 8597 seconds

